........................................................................ [ 70%]
..............................                                           [100%]
102 passed in 0.07s
============================= test session starts ==============================
platform darwin -- Python 3.14.2, pytest-9.0.2, pluggy-1.6.0
rootdir: /Volumes/ORICO/School/CSC/475/Projects/A3 - Othelo
plugins: mock-3.15.1, cov-7.0.0
collected 102 items

othello/tests/integration/test_main.py ..                                [  1%]
othello/tests/unit/test_board.py ................                        [ 17%]
othello/tests/unit/test_cli.py ....................                      [ 37%]
othello/tests/unit/test_heuristics.py .................                  [ 53%]
othello/tests/unit/test_log.py ........                                  [ 61%]
othello/tests/unit/test_minimax.py ......                                [ 67%]
othello/tests/unit/test_utils.py .................................       [100%]

================================ tests coverage ================================
_______________ coverage: platform darwin, python 3.14.2-final-0 _______________

Name                                     Stmts   Miss  Cover   Missing
----------------------------------------------------------------------
othello/__init__.py                          2      0   100%
othello/internal/__init__.py                 0      0   100%
othello/internal/board.py                   80      0   100%
othello/internal/cli.py                     29      0   100%
othello/internal/heuristics.py              58      0   100%
othello/internal/log.py                     23      0   100%
othello/internal/minimax.py                 85     29    66%   42, 74, 78-82, 101-129
othello/internal/utils.py                   24      0   100%
othello/main.py                             96     44    54%   37, 40-45, 57-60, 69-74, 96-125, 130-131, 133-134
othello/tests/__init__.py                    0      0   100%
othello/tests/integration/test_main.py      25      0   100%
othello/tests/unit/__init__.py               0      0   100%
othello/tests/unit/test_board.py            99      0   100%
othello/tests/unit/test_cli.py              38      0   100%
othello/tests/unit/test_heuristics.py      132      0   100%
othello/tests/unit/test_log.py              70      0   100%
othello/tests/unit/test_minimax.py          72      0   100%
othello/tests/unit/test_utils.py            35      0   100%
----------------------------------------------------------------------
TOTAL                                      868     73    92%
============================= 102 passed in 0.14s ==============================
